03:19:54: Creating resource group General
03:19:54: Creating resource group Internal
03:19:54: Creating resource group Autodetect
03:19:54: Registering ResourceManager for type Mesh
03:19:54: Registering ResourceManager for type Material
03:19:54: Registering ResourceManager for type Skeleton
03:19:54: XMLMeshSerializer reading mesh data from E:\Descargas\arena\Untitled.1414.mesh.xml...
03:19:54: Reading geometry...
03:19:55: Geometry done...
03:19:55: Reading submeshes...
03:19:55: Submeshes done.
03:19:55: Reading mesh names...
03:19:55: Mesh names done.
03:19:55: XMLMeshSerializer import successful.
03:19:55: Reorganising vertex buffers to automatic layout..
03:19:55: MeshSerializer writing mesh data to E:\Descargas\arena\Untitled.1414.mesh...
03:19:55: File header written.
03:19:55: Writing mesh data...
03:19:55: Writing submesh...
03:19:55: Exporting submesh texture aliases...
03:19:55: Submesh texture aliases exported.
03:19:55: Submesh exported.
03:19:55: Writing submesh...
03:19:55: Exporting submesh texture aliases...
03:19:55: Submesh texture aliases exported.
03:19:55: Submesh exported.
03:19:55: Writing submesh...
03:19:55: Exporting submesh texture aliases...
03:19:55: Submesh texture aliases exported.
03:19:55: Submesh exported.
03:19:55: Writing submesh...
03:19:55: Exporting submesh texture aliases...
03:19:55: Submesh texture aliases exported.
03:19:55: Submesh exported.
03:19:55: Writing submesh...
03:19:55: Exporting submesh texture aliases...
03:19:55: Submesh texture aliases exported.
03:19:55: Submesh exported.
03:19:55: Writing submesh...
03:19:55: Exporting submesh texture aliases...
03:19:55: Submesh texture aliases exported.
03:19:55: Submesh exported.
03:19:55: Writing submesh...
03:19:55: Exporting submesh texture aliases...
03:19:55: Submesh texture aliases exported.
03:19:55: Submesh exported.
03:19:55: Writing submesh...
03:19:55: Exporting submesh texture aliases...
03:19:55: Submesh texture aliases exported.
03:19:55: Submesh exported.
03:19:55: Writing submesh...
03:19:55: Exporting submesh texture aliases...
03:19:55: Submesh texture aliases exported.
03:19:55: Submesh exported.
03:19:55: Writing submesh...
03:19:55: Exporting submesh texture aliases...
03:19:55: Submesh texture aliases exported.
03:19:55: Submesh exported.
03:19:55: Writing submesh...
03:19:55: Exporting submesh texture aliases...
03:19:55: Submesh texture aliases exported.
03:19:55: Submesh exported.
03:19:55: Writing submesh...
03:19:55: Exporting submesh texture aliases...
03:19:55: Submesh texture aliases exported.
03:19:55: Submesh exported.
03:19:55: Writing submesh...
03:19:55: Exporting submesh texture aliases...
03:19:55: Submesh texture aliases exported.
03:19:55: Submesh exported.
03:19:55: Writing submesh...
03:19:55: Exporting submesh texture aliases...
03:19:55: Submesh texture aliases exported.
03:19:55: Submesh exported.
03:19:55: Writing submesh...
03:19:55: Exporting submesh texture aliases...
03:19:55: Submesh texture aliases exported.
03:19:55: Submesh exported.
03:19:55: Writing submesh...
03:19:55: Exporting submesh texture aliases...
03:19:55: Submesh texture aliases exported.
03:19:55: Submesh exported.
03:19:55: Writing submesh...
03:19:55: Exporting submesh texture aliases...
03:19:55: Submesh texture aliases exported.
03:19:55: Submesh exported.
03:19:55: Writing submesh...
03:19:55: Exporting submesh texture aliases...
03:19:55: Submesh texture aliases exported.
03:19:55: Submesh exported.
03:19:55: Exporting bounds information....
03:19:55: Bounds information exported.
03:19:55: Exporting submesh name table...
03:19:55: Submesh name table exported.
03:19:55: Exporting edge lists...
03:19:55: Edge lists exported
03:19:55: Mesh data exported.
03:19:55: MeshSerializer export successful.
03:19:55: Unregistering ResourceManager for type Skeleton
03:19:55: Unregistering ResourceManager for type Material
03:19:55: Unregistering ResourceManager for type Mesh
